<?xml version="1.0" encoding="UTF-8"?>
<testng-results ignored="0" total="1" passed="1" failed="0" skipped="0">
  <reporter-output>
  </reporter-output>
  <suite started-at="2021-05-15T12:09:26 IST" name="Default suite" finished-at="2021-05-15T12:09:34 IST" duration-ms="7947">
    <groups>
    </groups>
    <test started-at="2021-05-15T12:09:26 IST" name="Default test" finished-at="2021-05-15T12:09:34 IST" duration-ms="7947">
      <class name="com.myproj.extentreport">
        <test-method signature="m1()[pri:0, instance:com.myproj.extentreport@4e3958e7]" started-at="2021-05-15T12:09:26 IST" name="m1" finished-at="2021-05-15T12:09:34 IST" duration-ms="7922" status="PASS">
          <reporter-output>
          </reporter-output>
        </test-method> <!-- m1 -->
      </class> <!-- com.myproj.extentreport -->
    </test> <!-- Default test -->
  </suite> <!-- Default suite -->
</testng-results>
